<?xml version="1.0" encoding="UTF-8"?><testsuite failures="0" name="cucumber.runtime.formatter.JUnitFormatter" skipped="0" tests="1" time="19.894812">
<testcase classname="CRM Login" name="Free CRM Login Test Scenario" time="19.894812">
<system-out><![CDATA[Given User is already on Login Page.........................................passed
When Title of login page is Free CRM........................................passed
Then User enters username and password and click on login button............passed
Then User is on home page...................................................passed
]]></system-out>
</testcase>
</testsuite>
