<?xml version="1.0" encoding="UTF-8"?><testsuite failures="0" name="cucumber.runtime.formatter.JUnitFormatter" skipped="0" tests="2" time="38.520323">
<testcase classname="CRM Login" name="Free CRM Login Test Scenario" time="21.210301">
<system-out><![CDATA[Given User is already on Login Page.........................................passed
When Title of login page is Free CRM........................................passed
Then User enters "pavanreddy" and "Saibaba77" and click on login button.....passed
Then User is on home page...................................................passed
]]></system-out>
</testcase>
<testcase classname="CRM Login" name="Free CRM Login Test Scenario 2" time="17.310022">
<system-out><![CDATA[Given User is already on Login Page.........................................passed
When Title of login page is Free CRM........................................passed
Then User enters "pavanreddy" and "Saibaba77" and click on login button.....passed
Then User is on home page...................................................passed
]]></system-out>
</testcase>
</testsuite>
